{"/Users/jweboy/GitRepo/node-server/app.js":{"path":"/Users/jweboy/GitRepo/node-server/app.js","s":{"1":1,"2":1,"3":1,"4":1,"5":1,"6":1,"7":1,"8":1,"9":1,"10":1,"11":1,"12":0,"13":0,"14":1,"15":1,"16":1},"b":{"1":[1,1],"2":[1,1],"3":[0,0]},"f":{"1":1},"fnMap":{"1":{"name":"startServer","line":8,"loc":{"start":{"line":8,"column":0},"end":{"line":8,"column":24}}}},"statementMap":{"1":{"start":{"line":1,"column":0},"end":{"line":1,"column":26}},"2":{"start":{"line":2,"column":0},"end":{"line":2,"column":39}},"3":{"start":{"line":3,"column":0},"end":{"line":3,"column":34}},"4":{"start":{"line":4,"column":0},"end":{"line":4,"column":54}},"5":{"start":{"line":5,"column":0},"end":{"line":5,"column":62}},"6":{"start":{"line":6,"column":0},"end":{"line":6,"column":43}},"7":{"start":{"line":8,"column":0},"end":{"line":31,"column":1}},"8":{"start":{"line":10,"column":2},"end":{"line":10,"column":40}},"9":{"start":{"line":12,"column":2},"end":{"line":12,"column":39}},"10":{"start":{"line":13,"column":2},"end":{"line":13,"column":46}},"11":{"start":{"line":16,"column":2},"end":{"line":26,"column":6}},"12":{"start":{"line":23,"column":6},"end":{"line":25,"column":7}},"13":{"start":{"line":24,"column":8},"end":{"line":24,"column":33}},"14":{"start":{"line":29,"column":2},"end":{"line":29,"column":24}},"15":{"start":{"line":30,"column":2},"end":{"line":30,"column":58}},"16":{"start":{"line":33,"column":0},"end":{"line":33,"column":13}}},"branchMap":{"1":{"line":12,"type":"binary-expr","locations":[{"start":{"line":12,"column":15},"end":{"line":12,"column":31}},{"start":{"line":12,"column":35},"end":{"line":12,"column":39}}]},"2":{"line":13,"type":"binary-expr","locations":[{"start":{"line":13,"column":15},"end":{"line":13,"column":31}},{"start":{"line":13,"column":35},"end":{"line":13,"column":46}}]},"3":{"line":23,"type":"if","locations":[{"start":{"line":23,"column":6},"end":{"line":23,"column":6}},{"start":{"line":23,"column":6},"end":{"line":23,"column":6}}]}}},"/Users/jweboy/GitRepo/node-server/routes/index.js":{"path":"/Users/jweboy/GitRepo/node-server/routes/index.js","s":{"1":1,"2":1,"3":1,"4":1,"5":1,"6":1,"7":1,"8":1},"b":{},"f":{},"fnMap":{},"statementMap":{"1":{"start":{"line":1,"column":0},"end":{"line":1,"column":38}},"2":{"start":{"line":2,"column":0},"end":{"line":2,"column":30}},"3":{"start":{"line":3,"column":0},"end":{"line":3,"column":34}},"4":{"start":{"line":5,"column":0},"end":{"line":7,"column":2}},"5":{"start":{"line":6,"column":2},"end":{"line":6,"column":40}},"6":{"start":{"line":8,"column":0},"end":{"line":8,"column":34}},"7":{"start":{"line":9,"column":0},"end":{"line":9,"column":38}},"8":{"start":{"line":11,"column":0},"end":{"line":11,"column":23}}},"branchMap":{}},"/Users/jweboy/GitRepo/node-server/routes/wechat/index.js":{"path":"/Users/jweboy/GitRepo/node-server/routes/wechat/index.js","s":{"1":1,"2":1,"3":1,"4":1,"5":1,"6":1,"7":1,"8":1,"9":1,"10":1},"b":{},"f":{},"fnMap":{},"statementMap":{"1":{"start":{"line":1,"column":0},"end":{"line":1,"column":38}},"2":{"start":{"line":2,"column":0},"end":{"line":2,"column":45}},"3":{"start":{"line":3,"column":0},"end":{"line":3,"column":43}},"4":{"start":{"line":4,"column":0},"end":{"line":4,"column":30}},"5":{"start":{"line":6,"column":0},"end":{"line":8,"column":2}},"6":{"start":{"line":7,"column":2},"end":{"line":7,"column":30}},"7":{"start":{"line":9,"column":0},"end":{"line":9,"column":36}},"8":{"start":{"line":10,"column":0},"end":{"line":10,"column":50}},"9":{"start":{"line":11,"column":0},"end":{"line":11,"column":48}},"10":{"start":{"line":13,"column":0},"end":{"line":13,"column":23}}},"branchMap":{}},"/Users/jweboy/GitRepo/node-server/util/_request.js":{"path":"/Users/jweboy/GitRepo/node-server/util/_request.js","s":{"1":1,"2":1,"3":1,"4":4,"5":1,"6":4,"7":4,"8":4,"9":4,"10":0,"11":4,"12":3,"13":1,"14":1,"15":4,"16":4,"17":1,"18":4},"b":{"1":[0,4],"2":[3,1],"3":[1,3]},"f":{},"fnMap":{},"statementMap":{"1":{"start":{"line":1,"column":0},"end":{"line":1,"column":30}},"2":{"start":{"line":2,"column":0},"end":{"line":2,"column":34}},"3":{"start":{"line":4,"column":0},"end":{"line":4,"column":55}},"4":{"start":{"line":4,"column":35},"end":{"line":4,"column":55}},"5":{"start":{"line":6,"column":0},"end":{"line":31,"column":1}},"6":{"start":{"line":7,"column":2},"end":{"line":7,"column":35}},"7":{"start":{"line":8,"column":2},"end":{"line":30,"column":4}},"8":{"start":{"line":9,"column":4},"end":{"line":29,"column":6}},"9":{"start":{"line":12,"column":6},"end":{"line":28,"column":7}},"10":{"start":{"line":13,"column":8},"end":{"line":16,"column":10}},"11":{"start":{"line":17,"column":13},"end":{"line":28,"column":7}},"12":{"start":{"line":18,"column":8},"end":{"line":21,"column":10}},"13":{"start":{"line":23,"column":8},"end":{"line":27,"column":10}},"14":{"start":{"line":33,"column":0},"end":{"line":46,"column":1}},"15":{"start":{"line":34,"column":2},"end":{"line":38,"column":3}},"16":{"start":{"line":39,"column":2},"end":{"line":44,"column":3}},"17":{"start":{"line":40,"column":4},"end":{"line":43,"column":6}},"18":{"start":{"line":45,"column":2},"end":{"line":45,"column":20}}},"branchMap":{"1":{"line":12,"type":"if","locations":[{"start":{"line":12,"column":6},"end":{"line":12,"column":6}},{"start":{"line":12,"column":6},"end":{"line":12,"column":6}}]},"2":{"line":17,"type":"if","locations":[{"start":{"line":17,"column":13},"end":{"line":17,"column":13}},{"start":{"line":17,"column":13},"end":{"line":17,"column":13}}]},"3":{"line":39,"type":"if","locations":[{"start":{"line":39,"column":2},"end":{"line":39,"column":2}},{"start":{"line":39,"column":2},"end":{"line":39,"column":2}}]}}},"/Users/jweboy/GitRepo/node-server/routes/wechat/custom_menu/index.js":{"path":"/Users/jweboy/GitRepo/node-server/routes/wechat/custom_menu/index.js","s":{"1":1,"2":1,"3":1,"4":1},"b":{},"f":{},"fnMap":{},"statementMap":{"1":{"start":{"line":1,"column":0},"end":{"line":1,"column":38}},"2":{"start":{"line":2,"column":0},"end":{"line":2,"column":65}},"3":{"start":{"line":4,"column":0},"end":{"line":9,"column":1}},"4":{"start":{"line":5,"column":2},"end":{"line":8,"column":28}}},"branchMap":{}},"/Users/jweboy/GitRepo/node-server/routes/wechat/auth/index.js":{"path":"/Users/jweboy/GitRepo/node-server/routes/wechat/auth/index.js","s":{"1":1,"2":1,"3":1,"4":1,"5":1,"6":0,"7":0,"8":0,"9":0,"10":0,"11":0,"12":0,"13":0,"14":0,"15":0,"16":0,"17":0},"b":{"1":[0,0],"2":[0,0]},"f":{},"fnMap":{},"statementMap":{"1":{"start":{"line":1,"column":0},"end":{"line":1,"column":38}},"2":{"start":{"line":2,"column":0},"end":{"line":2,"column":32}},"3":{"start":{"line":3,"column":0},"end":{"line":3,"column":45}},"4":{"start":{"line":5,"column":0},"end":{"line":33,"column":1}},"5":{"start":{"line":6,"column":2},"end":{"line":32,"column":4}},"6":{"start":{"line":13,"column":4},"end":{"line":30,"column":5}},"7":{"start":{"line":14,"column":6},"end":{"line":14,"column":73}},"8":{"start":{"line":15,"column":6},"end":{"line":15,"column":44}},"9":{"start":{"line":17,"column":6},"end":{"line":17,"column":45}},"10":{"start":{"line":18,"column":6},"end":{"line":18,"column":16}},"11":{"start":{"line":21,"column":6},"end":{"line":21,"column":48}},"12":{"start":{"line":22,"column":6},"end":{"line":22,"column":34}},"13":{"start":{"line":23,"column":6},"end":{"line":23,"column":71}},"14":{"start":{"line":26,"column":6},"end":{"line":29,"column":7}},"15":{"start":{"line":27,"column":8},"end":{"line":27,"column":26}},"16":{"start":{"line":28,"column":8},"end":{"line":28,"column":20}},"17":{"start":{"line":31,"column":4},"end":{"line":31,"column":29}}},"branchMap":{"1":{"line":13,"type":"if","locations":[{"start":{"line":13,"column":4},"end":{"line":13,"column":4}},{"start":{"line":13,"column":4},"end":{"line":13,"column":4}}]},"2":{"line":26,"type":"if","locations":[{"start":{"line":26,"column":6},"end":{"line":26,"column":6}},{"start":{"line":26,"column":6},"end":{"line":26,"column":6}}]}}},"/Users/jweboy/GitRepo/node-server/util/logger.js":{"path":"/Users/jweboy/GitRepo/node-server/util/logger.js","s":{"1":1,"2":1,"3":1,"4":0,"5":1},"b":{},"f":{},"fnMap":{},"statementMap":{"1":{"start":{"line":1,"column":0},"end":{"line":1,"column":63}},"2":{"start":{"line":2,"column":0},"end":{"line":2,"column":52}},"3":{"start":{"line":4,"column":0},"end":{"line":4,"column":100}},"4":{"start":{"line":4,"column":33},"end":{"line":4,"column":99}},"5":{"start":{"line":6,"column":0},"end":{"line":19,"column":2}}},"branchMap":{}}}