TN:
SF:/Users/jweboy/GitRepo/node-server/app.js
FN:30,(anonymous_0)
FN:42,(anonymous_1)
FN:46,(anonymous_2)
FN:79,(anonymous_3)
FN:88,(anonymous_4)
FN:92,(anonymous_5)
FNF:6
FNH:3
FNDA:1,(anonymous_0)
FNDA:0,(anonymous_1)
FNDA:0,(anonymous_2)
FNDA:1,(anonymous_3)
FNDA:1,(anonymous_4)
FNDA:0,(anonymous_5)
DA:1,1
DA:7,1
DA:8,1
DA:9,1
DA:11,1
DA:12,1
DA:13,1
DA:14,1
DA:16,1
DA:18,1
DA:19,1
DA:20,1
DA:22,1
DA:23,1
DA:24,1
DA:27,1
DA:30,1
DA:33,1
DA:34,1
DA:35,1
DA:42,1
DA:43,0
DA:46,1
DA:47,0
DA:51,1
DA:52,1
DA:55,1
DA:57,1
DA:59,1
DA:69,1
DA:80,1
DA:81,0
DA:83,1
DA:87,1
DA:90,1
DA:93,0
DA:94,0
DA:97,1
LF:38
LH:33
BRDA:22,0,0,1
BRDA:22,0,1,1
BRDA:23,1,0,1
BRDA:23,1,1,1
BRDA:80,2,0,0
BRDA:80,2,1,1
BRF:6
BRH:5
end_of_record
TN:
SF:/Users/jweboy/GitRepo/node-server/config/auth.js
FNF:0
FNH:0
DA:1,1
LF:1
LH:1
BRF:0
BRH:0
end_of_record
TN:
SF:/Users/jweboy/GitRepo/node-server/config/logger.js
FNF:0
FNH:0
DA:1,1
LF:1
LH:1
BRF:0
BRH:0
end_of_record
TN:
SF:/Users/jweboy/GitRepo/node-server/config/qiniu.js
FNF:0
FNH:0
DA:1,1
LF:1
LH:1
BRF:0
BRH:0
end_of_record
TN:
SF:/Users/jweboy/GitRepo/node-server/plugin/schema.js
FN:1,schma
FNF:1
FNH:1
FNDA:1,schma
DA:1,1
DA:3,1
DA:4,1
DA:5,1
DA:6,1
DA:7,1
DA:8,1
DA:9,1
LF:8
LH:8
BRF:0
BRH:0
end_of_record
TN:
SF:/Users/jweboy/GitRepo/node-server/route/index.js
FN:9,(anonymous_0)
FN:11,(anonymous_1)
FNF:2
FNH:2
FNDA:1,(anonymous_0)
FNDA:1,(anonymous_1)
DA:1,1
DA:2,1
DA:3,1
DA:9,1
DA:11,1
DA:12,1
DA:15,1
DA:16,1
LF:8
LH:8
BRF:0
BRH:0
end_of_record
TN:
SF:/Users/jweboy/GitRepo/node-server/route/goods/index.js
FN:14,(anonymous_0)
FN:20,(anonymous_1)
FNF:2
FNH:1
FNDA:1,(anonymous_0)
FNDA:0,(anonymous_1)
DA:1,1
DA:7,1
DA:14,1
DA:15,1
DA:21,0
DA:22,0
DA:23,0
DA:24,0
DA:25,0
DA:26,0
DA:27,0
DA:32,0
DA:33,0
DA:38,0
DA:41,1
LF:15
LH:5
BRDA:25,0,0,0
BRDA:25,0,1,0
BRF:2
BRH:0
end_of_record
TN:
SF:/Users/jweboy/GitRepo/node-server/route/upload/controller.js
FN:5,upload
FN:15,download
FN:20,getBucketList
FN:29,deleteFile
FNF:4
FNH:0
FNDA:0,upload
FNDA:0,download
FNDA:0,getBucketList
FNDA:0,deleteFile
DA:1,1
DA:3,1
DA:7,0
DA:8,0
DA:9,0
DA:11,0
DA:16,0
DA:17,0
DA:21,0
DA:22,0
DA:24,0
DA:30,0
DA:31,0
DA:32,0
DA:33,0
DA:34,0
DA:39,0
DA:41,0
DA:45,1
LF:19
LH:3
BRDA:33,0,0,0
BRDA:33,0,1,0
BRF:2
BRH:0
end_of_record
TN:
SF:/Users/jweboy/GitRepo/node-server/route/upload/index.js
FN:3,(anonymous_0)
FN:12,(anonymous_1)
FN:20,handler
FN:39,(anonymous_3)
FN:48,(anonymous_4)
FN:50,(anonymous_5)
FNF:6
FNH:1
FNDA:1,(anonymous_0)
FNDA:0,(anonymous_1)
FNDA:0,handler
FNDA:0,(anonymous_3)
FNDA:0,(anonymous_4)
FNDA:0,(anonymous_5)
DA:1,1
DA:3,1
DA:4,1
DA:22,0
DA:23,0
DA:30,0
DA:31,0
DA:37,0
DA:39,0
DA:49,0
DA:50,0
DA:51,0
DA:56,0
DA:58,0
DA:67,0
LF:15
LH:3
BRDA:22,0,0,0
BRDA:22,0,1,0
BRDA:39,1,0,0
BRDA:39,1,1,0
BRF:4
BRH:0
end_of_record
TN:
SF:/Users/jweboy/GitRepo/node-server/route/user/index.js
FNF:0
FNH:0
LF:0
LH:0
BRF:0
BRH:0
end_of_record
TN:
SF:/Users/jweboy/GitRepo/node-server/schema/upload.js
FNF:0
FNH:0
DA:3,1
DA:19,1
DA:29,1
DA:37,1
DA:47,1
DA:57,1
LF:6
LH:6
BRF:0
BRH:0
end_of_record
TN:
SF:/Users/jweboy/GitRepo/node-server/util/auth.js
FN:1,verifyJWTandLevel
FN:13,onVerify
FN:22,onUser
FN:38,verifyUserAndPassword
FN:43,onUser
FNF:5
FNH:0
FNDA:0,verifyJWTandLevel
FNDA:0,onVerify
FNDA:0,onUser
FNDA:0,verifyUserAndPassword
FNDA:0,onUser
DA:2,0
DA:3,0
DA:6,0
DA:7,0
DA:11,0
DA:15,0
DA:16,0
DA:17,0
DA:20,0
DA:23,0
DA:24,0
DA:25,0
DA:26,0
DA:28,0
DA:30,0
DA:31,0
DA:33,0
DA:39,0
DA:41,0
DA:45,0
DA:46,0
DA:47,0
DA:48,0
DA:50,0
DA:52,0
DA:53,0
DA:55,0
DA:59,1
LF:28
LH:1
BRDA:6,0,0,0
BRDA:6,0,1,0
BRDA:15,1,0,0
BRDA:15,1,1,0
BRDA:15,2,0,0
BRDA:15,2,1,0
BRDA:15,2,2,0
BRDA:23,3,0,0
BRDA:23,3,1,0
BRDA:25,4,0,0
BRDA:25,4,1,0
BRDA:30,5,0,0
BRDA:30,5,1,0
BRDA:30,6,0,0
BRDA:30,6,1,0
BRDA:45,7,0,0
BRDA:45,7,1,0
BRDA:47,8,0,0
BRDA:47,8,1,0
BRDA:52,9,0,0
BRDA:52,9,1,0
BRDA:52,10,0,0
BRDA:52,10,1,0
BRF:23
BRH:0
end_of_record
TN:
SF:/Users/jweboy/GitRepo/node-server/util/mongodb.js
FN:5,(anonymous_0)
FN:8,(anonymous_1)
FN:9,(anonymous_2)
FN:12,(anonymous_3)
FN:13,(anonymous_4)
FN:25,(anonymous_5)
FN:28,(anonymous_6)
FN:29,(anonymous_7)
FN:30,(anonymous_8)
FN:38,(anonymous_9)
FN:42,(anonymous_10)
FN:45,(anonymous_11)
FN:51,(anonymous_12)
FN:52,(anonymous_13)
FN:52,(anonymous_14)
FN:57,(anonymous_15)
FN:58,(anonymous_16)
FN:58,(anonymous_17)
FNF:18
FNH:0
FNDA:0,(anonymous_0)
FNDA:0,(anonymous_1)
FNDA:0,(anonymous_2)
FNDA:0,(anonymous_3)
FNDA:0,(anonymous_4)
FNDA:0,(anonymous_5)
FNDA:0,(anonymous_6)
FNDA:0,(anonymous_7)
FNDA:0,(anonymous_8)
FNDA:0,(anonymous_9)
FNDA:0,(anonymous_10)
FNDA:0,(anonymous_11)
FNDA:0,(anonymous_12)
FNDA:0,(anonymous_13)
FNDA:0,(anonymous_14)
FNDA:0,(anonymous_15)
FNDA:0,(anonymous_16)
FNDA:0,(anonymous_17)
DA:6,0
DA:9,0
DA:10,0
DA:11,0
DA:12,0
DA:13,0
DA:21,0
DA:28,0
DA:29,0
DA:30,0
DA:42,0
DA:46,0
DA:48,0
DA:52,0
DA:53,0
DA:54,0
DA:58,0
DA:59,0
DA:60,0
DA:65,1
LF:20
LH:1
BRDA:39,0,0,0
BRDA:40,1,0,0
BRDA:46,2,0,0
BRDA:46,2,1,0
BRDA:53,3,0,0
BRDA:53,3,1,0
BRDA:59,4,0,0
BRDA:59,4,1,0
BRF:8
BRH:0
end_of_record
TN:
SF:/Users/jweboy/GitRepo/node-server/util/qiniu.js
FN:6,(anonymous_0)
FN:22,(anonymous_1)
FN:31,(anonymous_2)
FN:36,(anonymous_3)
FN:54,(anonymous_4)
FN:55,(anonymous_5)
FN:63,(anonymous_6)
FN:79,(anonymous_7)
FN:82,(anonymous_8)
FN:86,(anonymous_9)
FN:100,(anonymous_10)
FN:101,(anonymous_11)
FN:105,(anonymous_12)
FNF:13
FNH:2
FNDA:1,(anonymous_0)
FNDA:1,(anonymous_1)
FNDA:0,(anonymous_2)
FNDA:0,(anonymous_3)
FNDA:0,(anonymous_4)
FNDA:0,(anonymous_5)
FNDA:0,(anonymous_6)
FNDA:0,(anonymous_7)
FNDA:0,(anonymous_8)
FNDA:0,(anonymous_9)
FNDA:0,(anonymous_10)
FNDA:0,(anonymous_11)
FNDA:0,(anonymous_12)
DA:1,1
DA:2,1
DA:3,1
DA:5,1
DA:10,1
DA:11,1
DA:13,1
DA:15,1
DA:17,1
DA:19,1
DA:23,1
DA:25,1
DA:27,1
DA:29,1
DA:32,0
DA:33,0
DA:38,0
DA:45,0
DA:47,0
DA:55,0
DA:57,0
DA:58,0
DA:60,0
DA:61,0
DA:63,0
DA:64,0
DA:65,0
DA:67,0
DA:82,0
DA:84,0
DA:86,0
DA:87,0
DA:88,0
DA:90,0
DA:101,0
DA:103,0
DA:105,0
DA:107,0
DA:108,0
DA:110,0
LF:40
LH:14
BRDA:7,0,0,1
BRDA:39,1,0,0
BRDA:39,1,1,0
BRDA:64,2,0,0
BRDA:64,2,1,0
BRDA:79,3,0,0
BRDA:87,4,0,0
BRDA:87,4,1,0
BRDA:107,5,0,0
BRDA:107,5,1,0
BRDA:112,6,0,0
BRDA:112,6,1,0
BRF:12
BRH:1
end_of_record
